<?xml version="1.0" encoding="UTF-8"?>
<testng-results ignored="0" total="1" passed="1" failed="0" skipped="0">
  <reporter-output>
  </reporter-output>
  <suite started-at="2022-09-05T05:36:50Z" name="Default suite" finished-at="2022-09-05T05:36:50Z" duration-ms="25">
    <groups>
    </groups>
    <test started-at="2022-09-05T05:36:50Z" name="Default test" finished-at="2022-09-05T05:36:50Z" duration-ms="25">
      <class name="qwer.Bhibhu">
        <test-method signature="m1()[pri:0, instance:qwer.Bhibhu@74bf1791]" started-at="2022-09-05T05:36:50Z" name="m1" finished-at="2022-09-05T05:36:50Z" duration-ms="8" status="PASS">
          <reporter-output>
          </reporter-output>
        </test-method> <!-- m1 -->
      </class> <!-- qwer.Bhibhu -->
    </test> <!-- Default test -->
  </suite> <!-- Default suite -->
</testng-results>
